[0.009s] Invoking command in '/home/anacarolina/gazebosims/simmini3pro_ws/build/simmini3pro': /usr/bin/cmake /home/anacarolina/gazebosims/simmini3pro_ws/src/simmini3pro -DCMAKE_INSTALL_PREFIX=/home/anacarolina/gazebosims/simmini3pro_ws/install
[0.062s] -- The C compiler identification is GNU 11.4.0
[0.117s] -- The CXX compiler identification is GNU 11.4.0
[0.124s] -- Detecting C compiler ABI info
[0.192s] -- Detecting C compiler ABI info - done
[0.199s] -- Check for working C compiler: /usr/bin/cc - skipped
[0.199s] -- Detecting C compile features
[0.199s] -- Detecting C compile features - done
[0.202s] -- Detecting CXX compiler ABI info
[0.279s] -- Detecting CXX compiler ABI info - done
[0.286s] -- Check for working CXX compiler: /usr/bin/c++ - skipped
[0.286s] -- Detecting CXX compile features
[0.286s] -- Detecting CXX compile features - done
[0.288s] -- Found ament_cmake: 1.3.8 (/opt/ros/humble/share/ament_cmake/cmake)
[0.430s] -- Found Python3: /usr/bin/python3 (found version "3.10.12") found components: Interpreter 
[0.506s] -- Found ament_lint_auto: 0.12.10 (/opt/ros/humble/share/ament_lint_auto/cmake)
[0.574s] -- Added test 'flake8' to check Python code syntax and style conventions
[0.574s] -- Added test 'lint_cmake' to check CMake code style
[0.575s] -- Added test 'pep257' to check Python code against some of the docstring style conventions in PEP 257
[0.576s] -- Added test 'xmllint' to check XML markup files
[0.577s] -- Configuring done
[0.581s] -- Generating done
[0.581s] -- Build files have been written to: /home/anacarolina/gazebosims/simmini3pro_ws/build/simmini3pro
[0.586s] Invoked command in '/home/anacarolina/gazebosims/simmini3pro_ws/build/simmini3pro' returned '0': /usr/bin/cmake /home/anacarolina/gazebosims/simmini3pro_ws/src/simmini3pro -DCMAKE_INSTALL_PREFIX=/home/anacarolina/gazebosims/simmini3pro_ws/install
[0.588s] Invoking command in '/home/anacarolina/gazebosims/simmini3pro_ws/build/simmini3pro': /usr/bin/cmake --build /home/anacarolina/gazebosims/simmini3pro_ws/build/simmini3pro -- -j8 -l8
[0.626s] Invoked command in '/home/anacarolina/gazebosims/simmini3pro_ws/build/simmini3pro' returned '0': /usr/bin/cmake --build /home/anacarolina/gazebosims/simmini3pro_ws/build/simmini3pro -- -j8 -l8
[0.660s] Invoking command in '/home/anacarolina/gazebosims/simmini3pro_ws/build/simmini3pro': /usr/bin/cmake --install /home/anacarolina/gazebosims/simmini3pro_ws/build/simmini3pro
[0.667s] -- Install configuration: ""
[0.667s] -- Installing: /home/anacarolina/gazebosims/simmini3pro_ws/install/share/simmini3pro//urdf
[0.667s] -- Installing: /home/anacarolina/gazebosims/simmini3pro_ws/install/share/simmini3pro//urdf/mini3prosim.urdf
[0.667s] -- Installing: /home/anacarolina/gazebosims/simmini3pro_ws/install/share/simmini3pro//meshes
[0.667s] -- Installing: /home/anacarolina/gazebosims/simmini3pro_ws/install/share/simmini3pro//meshes/mini3pro.dae
[0.692s] -- Installing: /home/anacarolina/gazebosims/simmini3pro_ws/install/share/simmini3pro//meshes/mini3pro.stl
[0.703s] -- Installing: /home/anacarolina/gazebosims/simmini3pro_ws/install/share/simmini3pro//meshes/untitled.dae
[0.727s] -- Installing: /home/anacarolina/gazebosims/simmini3pro_ws/install/share/simmini3pro//meshes/untitled.stl
[0.738s] -- Installing: /home/anacarolina/gazebosims/simmini3pro_ws/install/share/simmini3pro//meshes/untitled (copy).dae
[0.762s] -- Installing: /home/anacarolina/gazebosims/simmini3pro_ws/install/share/simmini3pro//launch
[0.763s] -- Installing: /home/anacarolina/gazebosims/simmini3pro_ws/install/share/simmini3pro//launch/spawn_caixa.launch.py
[0.763s] -- Installing: /home/anacarolina/gazebosims/simmini3pro_ws/install/share/ament_index/resource_index/package_run_dependencies/simmini3pro
[0.763s] -- Installing: /home/anacarolina/gazebosims/simmini3pro_ws/install/share/ament_index/resource_index/parent_prefix_path/simmini3pro
[0.763s] -- Installing: /home/anacarolina/gazebosims/simmini3pro_ws/install/share/simmini3pro/environment/ament_prefix_path.sh
[0.763s] -- Installing: /home/anacarolina/gazebosims/simmini3pro_ws/install/share/simmini3pro/environment/ament_prefix_path.dsv
[0.763s] -- Installing: /home/anacarolina/gazebosims/simmini3pro_ws/install/share/simmini3pro/environment/path.sh
[0.763s] -- Installing: /home/anacarolina/gazebosims/simmini3pro_ws/install/share/simmini3pro/environment/path.dsv
[0.763s] -- Installing: /home/anacarolina/gazebosims/simmini3pro_ws/install/share/simmini3pro/local_setup.bash
[0.764s] -- Installing: /home/anacarolina/gazebosims/simmini3pro_ws/install/share/simmini3pro/local_setup.sh
[0.764s] -- Installing: /home/anacarolina/gazebosims/simmini3pro_ws/install/share/simmini3pro/local_setup.zsh
[0.764s] -- Installing: /home/anacarolina/gazebosims/simmini3pro_ws/install/share/simmini3pro/local_setup.dsv
[0.764s] -- Installing: /home/anacarolina/gazebosims/simmini3pro_ws/install/share/simmini3pro/package.dsv
[0.764s] -- Installing: /home/anacarolina/gazebosims/simmini3pro_ws/install/share/ament_index/resource_index/packages/simmini3pro
[0.764s] -- Installing: /home/anacarolina/gazebosims/simmini3pro_ws/install/share/simmini3pro/cmake/simmini3proConfig.cmake
[0.765s] -- Installing: /home/anacarolina/gazebosims/simmini3pro_ws/install/share/simmini3pro/cmake/simmini3proConfig-version.cmake
[0.765s] -- Installing: /home/anacarolina/gazebosims/simmini3pro_ws/install/share/simmini3pro/package.xml
[0.767s] Invoked command in '/home/anacarolina/gazebosims/simmini3pro_ws/build/simmini3pro' returned '0': /usr/bin/cmake --install /home/anacarolina/gazebosims/simmini3pro_ws/build/simmini3pro
