[0.010s] Invoking command in '/home/anacarolina/gazebosims/simmini3pro_ws/build/simmini3pro': /usr/bin/cmake --build /home/anacarolina/gazebosims/simmini3pro_ws/build/simmini3pro -- -j8 -l8
[0.049s] Invoked command in '/home/anacarolina/gazebosims/simmini3pro_ws/build/simmini3pro' returned '0': /usr/bin/cmake --build /home/anacarolina/gazebosims/simmini3pro_ws/build/simmini3pro -- -j8 -l8
[0.081s] Invoking command in '/home/anacarolina/gazebosims/simmini3pro_ws/build/simmini3pro': /usr/bin/cmake --install /home/anacarolina/gazebosims/simmini3pro_ws/build/simmini3pro
[0.088s] -- Install configuration: ""
[0.088s] -- Up-to-date: /home/anacarolina/gazebosims/simmini3pro_ws/install/share/simmini3pro//urdf
[0.088s] -- Installing: /home/anacarolina/gazebosims/simmini3pro_ws/install/share/simmini3pro//urdf/mini3prosim.urdf
[0.089s] -- Up-to-date: /home/anacarolina/gazebosims/simmini3pro_ws/install/share/simmini3pro//meshes
[0.089s] -- Up-to-date: /home/anacarolina/gazebosims/simmini3pro_ws/install/share/simmini3pro//meshes/mini3pro.dae
[0.089s] -- Up-to-date: /home/anacarolina/gazebosims/simmini3pro_ws/install/share/simmini3pro//meshes/mini3pro.stl
[0.089s] -- Up-to-date: /home/anacarolina/gazebosims/simmini3pro_ws/install/share/simmini3pro//meshes/untitled.dae
[0.089s] -- Up-to-date: /home/anacarolina/gazebosims/simmini3pro_ws/install/share/simmini3pro//meshes/untitled.stl
[0.089s] -- Up-to-date: /home/anacarolina/gazebosims/simmini3pro_ws/install/share/simmini3pro//meshes/untitled (copy).dae
[0.089s] -- Up-to-date: /home/anacarolina/gazebosims/simmini3pro_ws/install/share/simmini3pro//launch
[0.089s] -- Up-to-date: /home/anacarolina/gazebosims/simmini3pro_ws/install/share/simmini3pro//launch/spawn_caixa.launch.py
[0.089s] -- Up-to-date: /home/anacarolina/gazebosims/simmini3pro_ws/install/share/ament_index/resource_index/package_run_dependencies/simmini3pro
[0.089s] -- Up-to-date: /home/anacarolina/gazebosims/simmini3pro_ws/install/share/ament_index/resource_index/parent_prefix_path/simmini3pro
[0.089s] -- Up-to-date: /home/anacarolina/gazebosims/simmini3pro_ws/install/share/simmini3pro/environment/ament_prefix_path.sh
[0.089s] -- Up-to-date: /home/anacarolina/gazebosims/simmini3pro_ws/install/share/simmini3pro/environment/ament_prefix_path.dsv
[0.089s] -- Up-to-date: /home/anacarolina/gazebosims/simmini3pro_ws/install/share/simmini3pro/environment/path.sh
[0.090s] -- Up-to-date: /home/anacarolina/gazebosims/simmini3pro_ws/install/share/simmini3pro/environment/path.dsv
[0.090s] -- Up-to-date: /home/anacarolina/gazebosims/simmini3pro_ws/install/share/simmini3pro/local_setup.bash
[0.090s] -- Up-to-date: /home/anacarolina/gazebosims/simmini3pro_ws/install/share/simmini3pro/local_setup.sh
[0.090s] -- Up-to-date: /home/anacarolina/gazebosims/simmini3pro_ws/install/share/simmini3pro/local_setup.zsh
[0.090s] -- Up-to-date: /home/anacarolina/gazebosims/simmini3pro_ws/install/share/simmini3pro/local_setup.dsv
[0.090s] -- Installing: /home/anacarolina/gazebosims/simmini3pro_ws/install/share/simmini3pro/package.dsv
[0.090s] -- Up-to-date: /home/anacarolina/gazebosims/simmini3pro_ws/install/share/ament_index/resource_index/packages/simmini3pro
[0.090s] -- Up-to-date: /home/anacarolina/gazebosims/simmini3pro_ws/install/share/simmini3pro/cmake/simmini3proConfig.cmake
[0.090s] -- Up-to-date: /home/anacarolina/gazebosims/simmini3pro_ws/install/share/simmini3pro/cmake/simmini3proConfig-version.cmake
[0.090s] -- Up-to-date: /home/anacarolina/gazebosims/simmini3pro_ws/install/share/simmini3pro/package.xml
[0.091s] Invoked command in '/home/anacarolina/gazebosims/simmini3pro_ws/build/simmini3pro' returned '0': /usr/bin/cmake --install /home/anacarolina/gazebosims/simmini3pro_ws/build/simmini3pro
