-- Install configuration: ""
-- Up-to-date: /home/anacarolina/gazebosims/simmini3pro_ws/install/share/simmini3pro//urdf
-- Installing: /home/anacarolina/gazebosims/simmini3pro_ws/install/share/simmini3pro//urdf/mini3prosim.urdf
-- Up-to-date: /home/anacarolina/gazebosims/simmini3pro_ws/install/share/simmini3pro//meshes
-- Up-to-date: /home/anacarolina/gazebosims/simmini3pro_ws/install/share/simmini3pro//meshes/mini3pro.dae
-- Up-to-date: /home/anacarolina/gazebosims/simmini3pro_ws/install/share/simmini3pro//meshes/mini3pro.stl
-- Up-to-date: /home/anacarolina/gazebosims/simmini3pro_ws/install/share/simmini3pro//meshes/untitled.dae
-- Up-to-date: /home/anacarolina/gazebosims/simmini3pro_ws/install/share/simmini3pro//meshes/untitled.stl
-- Up-to-date: /home/anacarolina/gazebosims/simmini3pro_ws/install/share/simmini3pro//meshes/untitled (copy).dae
-- Up-to-date: /home/anacarolina/gazebosims/simmini3pro_ws/install/share/simmini3pro//launch
-- Up-to-date: /home/anacarolina/gazebosims/simmini3pro_ws/install/share/simmini3pro//launch/spawn_caixa.launch.py
-- Up-to-date: /home/anacarolina/gazebosims/simmini3pro_ws/install/share/ament_index/resource_index/package_run_dependencies/simmini3pro
-- Up-to-date: /home/anacarolina/gazebosims/simmini3pro_ws/install/share/ament_index/resource_index/parent_prefix_path/simmini3pro
-- Up-to-date: /home/anacarolina/gazebosims/simmini3pro_ws/install/share/simmini3pro/environment/ament_prefix_path.sh
-- Up-to-date: /home/anacarolina/gazebosims/simmini3pro_ws/install/share/simmini3pro/environment/ament_prefix_path.dsv
-- Up-to-date: /home/anacarolina/gazebosims/simmini3pro_ws/install/share/simmini3pro/environment/path.sh
-- Up-to-date: /home/anacarolina/gazebosims/simmini3pro_ws/install/share/simmini3pro/environment/path.dsv
-- Up-to-date: /home/anacarolina/gazebosims/simmini3pro_ws/install/share/simmini3pro/local_setup.bash
-- Up-to-date: /home/anacarolina/gazebosims/simmini3pro_ws/install/share/simmini3pro/local_setup.sh
-- Up-to-date: /home/anacarolina/gazebosims/simmini3pro_ws/install/share/simmini3pro/local_setup.zsh
-- Up-to-date: /home/anacarolina/gazebosims/simmini3pro_ws/install/share/simmini3pro/local_setup.dsv
-- Up-to-date: /home/anacarolina/gazebosims/simmini3pro_ws/install/share/simmini3pro/package.dsv
-- Up-to-date: /home/anacarolina/gazebosims/simmini3pro_ws/install/share/ament_index/resource_index/packages/simmini3pro
-- Up-to-date: /home/anacarolina/gazebosims/simmini3pro_ws/install/share/simmini3pro/cmake/simmini3proConfig.cmake
-- Up-to-date: /home/anacarolina/gazebosims/simmini3pro_ws/install/share/simmini3pro/cmake/simmini3proConfig-version.cmake
-- Up-to-date: /home/anacarolina/gazebosims/simmini3pro_ws/install/share/simmini3pro/package.xml
